<?xml version="1.0" encoding="UTF-8"?>
<!-- Generated by org.testng.reporters.JUnitXMLReporter -->
<testsuite ignored="0" name="Test" tests="1" failures="0" timestamp="09 Nov 2017 06:39:33 GMT" time="30.462" errors="0">
  <testcase name="@BeforeMethod preConditions" time="30.264" classname="generics.BaseTest">
    <failure type="org.openqa.selenium.WebDriverException" message="Process unexpectedly closed with status: 0
Build info: version: &amp;apos;3.5.3&amp;apos;, revision: &amp;apos;a88d25fe6b&amp;apos;, time: &amp;apos;2017-08-29T12:54:15.039Z&amp;apos;
System info: host: &amp;apos;Unknown&amp;apos;, ip: &amp;apos;Unknown&amp;apos;, os.name: &amp;apos;Linux&amp;apos;, os.arch: &amp;apos;amd64&amp;apos;, os.version: &amp;apos;4.10.0-38-generic&amp;apos;, java.version: &amp;apos;1.8.0_131&amp;apos;
Driver info: driver.version: FirefoxDriver
remote stacktrace: stack backtrace:
   0:  0x812dd47 - backtrace::backtrace::trace::h736111741fa0878e
   1:  0x812dd83 - backtrace::capture::Backtrace::new::h63b8a5c0787510c9
   2:  0x8087efb - webdriver::error::WebDriverError::new::hea6d4dbf778b2b24
   3:  0x808df9b - geckodriver::marionette::MarionetteHandler::create_connection::hf8b6061dba65cdd0
   4:  0x8070e74 - &amp;lt;webdriver::server::Dispatcher&amp;lt;T, U&amp;gt;&amp;gt;::run::hba9181b5aacf8f04
   5:  0x804a756 - std::sys_common::backtrace::__rust_begin_short_backtrace::h19de262639927233
   6:  0x80529f7 - std::panicking::try::do_call::h6c1659fc4d01af51
   7:  0x821cf42 - panic_unwind::__rust_maybe_catch_panic
                at /checkout/src/libpanic_unwind/lib.rs:98
   8:  0x806769b - &amp;lt;F as alloc::boxed::FnBox&amp;lt;A&amp;gt;&amp;gt;::call_box::h953e5f59694972c5
   9:  0x82146bd - alloc::boxed::{{impl}}::call_once&amp;lt;(),()&amp;gt;
                at /checkout/src/liballoc/boxed.rs:661
                 - std::sys_common::thread::start_thread
                at /checkout/src/libstd/sys_common/thread.rs:21
                 - std::sys::imp::thread::{{impl}}::new::thread_start
                at /checkout/src/libstd/sys/unix/thread.rs:84">
      <![CDATA[org.openqa.selenium.WebDriverException: Process unexpectedly closed with status: 0
Build info: version: '3.5.3', revision: 'a88d25fe6b', time: '2017-08-29T12:54:15.039Z'
System info: host: 'Unknown', ip: 'Unknown', os.name: 'Linux', os.arch: 'amd64', os.version: '4.10.0-38-generic', java.version: '1.8.0_131'
Driver info: driver.version: FirefoxDriver
remote stacktrace: stack backtrace:
   0:  0x812dd47 - backtrace::backtrace::trace::h736111741fa0878e
   1:  0x812dd83 - backtrace::capture::Backtrace::new::h63b8a5c0787510c9
   2:  0x8087efb - webdriver::error::WebDriverError::new::hea6d4dbf778b2b24
   3:  0x808df9b - geckodriver::marionette::MarionetteHandler::create_connection::hf8b6061dba65cdd0
   4:  0x8070e74 - <webdriver::server::Dispatcher<T, U>>::run::hba9181b5aacf8f04
   5:  0x804a756 - std::sys_common::backtrace::__rust_begin_short_backtrace::h19de262639927233
   6:  0x80529f7 - std::panicking::try::do_call::h6c1659fc4d01af51
   7:  0x821cf42 - panic_unwind::__rust_maybe_catch_panic
                at /checkout/src/libpanic_unwind/lib.rs:98
   8:  0x806769b - <F as alloc::boxed::FnBox<A>>::call_box::h953e5f59694972c5
   9:  0x82146bd - alloc::boxed::{{impl}}::call_once<(),()>
                at /checkout/src/liballoc/boxed.rs:661
                 - std::sys_common::thread::start_thread
                at /checkout/src/libstd/sys_common/thread.rs:21
                 - std::sys::imp::thread::{{impl}}::new::thread_start
                at /checkout/src/libstd/sys/unix/thread.rs:84
	at org.openqa.selenium.remote.W3CHandshakeResponse.lambda$new$0(W3CHandshakeResponse.java:57)
	at org.openqa.selenium.remote.W3CHandshakeResponse.lambda$getResponseFunction$2(W3CHandshakeResponse.java:104)
	at org.openqa.selenium.remote.ProtocolHandshake.lambda$createSession$24(ProtocolHandshake.java:359)
	at java.util.stream.ReferencePipeline$3$1.accept(ReferencePipeline.java:193)
	at java.util.Spliterators$ArraySpliterator.tryAdvance(Spliterators.java:958)
	at java.util.stream.ReferencePipeline.forEachWithCancel(ReferencePipeline.java:126)
	at java.util.stream.AbstractPipeline.copyIntoWithCancel(AbstractPipeline.java:498)
	at java.util.stream.AbstractPipeline.copyInto(AbstractPipeline.java:485)
	at java.util.stream.AbstractPipeline.wrapAndCopyInto(AbstractPipeline.java:471)
	at java.util.stream.FindOps$FindOp.evaluateSequential(FindOps.java:152)
	at java.util.stream.AbstractPipeline.evaluate(AbstractPipeline.java:234)
	at java.util.stream.ReferencePipeline.findFirst(ReferencePipeline.java:464)
	at org.openqa.selenium.remote.ProtocolHandshake.createSession(ProtocolHandshake.java:362)
	at org.openqa.selenium.remote.ProtocolHandshake.createSession(ProtocolHandshake.java:136)
	at org.openqa.selenium.remote.HttpCommandExecutor.execute(HttpCommandExecutor.java:142)
	at org.openqa.selenium.remote.service.DriverCommandExecutor.execute(DriverCommandExecutor.java:82)
	at org.openqa.selenium.remote.RemoteWebDriver.execute(RemoteWebDriver.java:646)
	at org.openqa.selenium.remote.RemoteWebDriver.startSession(RemoteWebDriver.java:255)
	at org.openqa.selenium.remote.RemoteWebDriver.startSession(RemoteWebDriver.java:237)
	at org.openqa.selenium.remote.RemoteWebDriver.<init>(RemoteWebDriver.java:138)
	at org.openqa.selenium.firefox.FirefoxDriver.<init>(FirefoxDriver.java:191)
	at org.openqa.selenium.firefox.FirefoxDriver.<init>(FirefoxDriver.java:103)
	at org.openqa.selenium.firefox.FirefoxDriver.<init>(FirefoxDriver.java:99)
	at generics.BaseTest.preConditions(BaseTest.java:20)
... Removed 31 stack frames]]>
    </failure>
  </testcase> <!-- @BeforeMethod preConditions -->
  <testcase name="@AfterMethod postConditions" time="0.0" classname="generics.BaseTest">
    <skipped/>
  </testcase> <!-- @AfterMethod postConditions -->
  <testcase name="testInvalidsignuppage" time="0.0" classname="tests.InvalidsignupPage">
    <skipped/>
  </testcase> <!-- testInvalidsignuppage -->
</testsuite> <!-- Test -->
